Arguments: 
  /Users/Alexis/.nvm/versions/node/v13.5.0/bin/node /Users/Alexis/.yarn/bin/yarn.js publish

PATH: 
  /Users/Alexis/.opam/default/bin:/Users/Alexis/.nvm/versions/node/v13.5.0/bin:/Users/Alexis/.yarn/bin:/Users/Alexis/.config/yarn/global/node_modules/.bin:/usr/local/bin:/usr/bin:/bin:/usr/sbin:/sbin:/Users/Alexis/.nvm/versions/node/v13.5.0/bin:/Users/Alexis/.yarn/bin:/Users/Alexis/.config/yarn/global/node_modules/.bin:/Users/Alexis/.opam/default/bin

Yarn version: 
  1.21.1

Node version: 
  13.5.0

Platform: 
  darwin x64

Trace: 
  SyntaxError: /Users/Alexis/Documents/GitHub/bs-abort-controller/package.json: Unexpected token } in JSON at position 778
      at JSON.parse (<anonymous>)
      at /Users/Alexis/.yarn/lib/cli.js:1625:59
      at Generator.next (<anonymous>)
      at step (/Users/Alexis/.yarn/lib/cli.js:310:30)
      at /Users/Alexis/.yarn/lib/cli.js:321:13

npm manifest: 
  {
    "name": "bs-abort-controller",
    "version": "0.1.0",
    "scripts": {
      "build": "bsb -make-world",
      "start": "bsb -make-world -w",
      "clean": "bsb -clean-world"
    },
    "keywords": [
      "BuckleScript",
      "ReasonML",
      "abort-controller",
      "abort-signal",
      "abort"
    ],
    "author": "Alexis Munsayac <alexis.munsayac@gmail.com>",
    "license": "MIT",
    "devDependencies": {
      "bs-platform": "^7.0.1"
    },
    "dependencies": {
      "abort-controller": "^3.0.0"
    },
    "description": "ReasonML for WHATWG's Abort Controller (with polyfill)",
    "main": "index.js",
    "repository": "https://github.com/LXSMNSYC/bs-abort-controller.git",
    "homepage": "https://github.com/LXSMNSYC/bs-abort-controller",
    "bugs": {
      "url": "https://github.com/LXSMNSYC/issues",
    },
    "private": false
  }

yarn manifest: 
  No manifest

Lockfile: 
  # THIS IS AN AUTOGENERATED FILE. DO NOT EDIT THIS FILE DIRECTLY.
  # yarn lockfile v1
  
  
  abort-controller@^3.0.0:
    version "3.0.0"
    resolved "https://registry.yarnpkg.com/abort-controller/-/abort-controller-3.0.0.tgz#eaf54d53b62bae4138e809ca225c8439a6efb392"
    integrity sha512-h8lQ8tacZYnR3vNQTgibj+tODHI5/+l06Au2Pcriv/Gmet0eaj4TwWH41sO9wnHDiQsEj19q0drzdWdeAHtweg==
    dependencies:
      event-target-shim "^5.0.0"
  
  bs-platform@^7.0.1:
    version "7.0.1"
    resolved "https://registry.yarnpkg.com/bs-platform/-/bs-platform-7.0.1.tgz#1d7b0ef6088b998dceee5db74a7cd8f01c20a3bd"
    integrity sha512-UjStdtHhbtC/l6vKJ1XRDqrPk7rFf5PLYHtRX3akDXEYVnTbN36z0g4DEr5mU8S0N945e33HYts9x+i7hKKpZQ==
  
  event-target-shim@^5.0.0:
    version "5.0.1"
    resolved "https://registry.yarnpkg.com/event-target-shim/-/event-target-shim-5.0.1.tgz#5d4d3ebdf9583d63a5333ce2deb7480ab2b05789"
    integrity sha512-i/2XbnSz/uxRCU6+NdVJgKWDTM427+MqYbkQzD321DuCQJUqOuJKIA0IM2+W2xtYHdKOmZ4dR6fExsd4SXL+WQ==
